<?xml version="1.0" encoding="UTF-8"?>
<!-- Generated by org.testng.reporters.JUnitXMLReporter -->
<testsuite ignored="0" hostname="DESKTOP-G1N8O8B" failures="5" tests="7" name="Test" time="74.436" errors="0" timestamp="2020-04-07T17:46:00 EDT">
  <testcase classname="com.Inetbanking.TestCases.LoginTest" name="LoginTest_TC01" time="4.15">
    <failure type="java.lang.AssertionError" message="did not expect to find [true] but found [false]">
      <![CDATA[java.lang.AssertionError: did not expect to find [true] but found [false]
at com.Inetbanking.TestCases.LoginTest.LoginTest_TC01(LoginTest.java:35)
at java.base/java.util.ArrayList.forEach(ArrayList.java:1540)
... Removed 31 stack frames]]>
    </failure>
  </testcase> <!-- LoginTest_TC01 -->
  <testcase classname="com.Inetbanking.TestCases.LoginTestDDT" name="LoginTest_TC02" time="5.874">
    <failure type="java.lang.AssertionError" message="did not expect to find [true] but found [false]">
      <![CDATA[java.lang.AssertionError: did not expect to find [true] but found [false]
at com.Inetbanking.TestCases.LoginTestDDT.LoginTest_TC02(LoginTestDDT.java:33)
at java.base/java.util.ArrayList.forEach(ArrayList.java:1540)
... Removed 31 stack frames]]>
    </failure>
  </testcase> <!-- LoginTest_TC02 -->
  <testcase classname="com.Inetbanking.TestCases.LoginTestDDT" name="LoginTest_TC02" time="6.139">
    <failure type="java.lang.AssertionError" message="did not expect to find [true] but found [false]">
      <![CDATA[java.lang.AssertionError: did not expect to find [true] but found [false]
at com.Inetbanking.TestCases.LoginTestDDT.LoginTest_TC02(LoginTestDDT.java:33)
at java.base/java.util.ArrayList.forEach(ArrayList.java:1540)
... Removed 31 stack frames]]>
    </failure>
  </testcase> <!-- LoginTest_TC02 -->
  <testcase classname="com.Inetbanking.TestCases.LoginTestDDT" name="LoginTest_TC02" time="6.006">
    <failure type="java.lang.AssertionError" message="did not expect to find [true] but found [false]">
      <![CDATA[java.lang.AssertionError: did not expect to find [true] but found [false]
at com.Inetbanking.TestCases.LoginTestDDT.LoginTest_TC02(LoginTestDDT.java:33)
at java.base/java.util.ArrayList.forEach(ArrayList.java:1540)
... Removed 31 stack frames]]>
    </failure>
  </testcase> <!-- LoginTest_TC02 -->
  <testcase classname="com.Inetbanking.TestCases.LoginTestDDT" name="LoginTest_TC02" time="6.766"/>
  <testcase classname="com.Inetbanking.TestCases.LoginTestDDT" name="LoginTest_TC02" time="6.148">
    <failure type="java.lang.AssertionError" message="did not expect to find [true] but found [false]">
      <![CDATA[java.lang.AssertionError: did not expect to find [true] but found [false]
at com.Inetbanking.TestCases.LoginTestDDT.LoginTest_TC02(LoginTestDDT.java:33)
at java.base/java.util.ArrayList.forEach(ArrayList.java:1540)
... Removed 31 stack frames]]>
    </failure>
  </testcase> <!-- LoginTest_TC02 -->
  <testcase classname="com.Inetbanking.TestCases.AddNewCustomerTest" name="AddNewCustomer_TC01" time="15.633"/>
</testsuite> <!-- Test -->
